[2026-02-07--18-44-05 INFO actix_server::builder] starting 5 workers
[2026-02-07--18-44-05 INFO actix_server::server] Tokio runtime found; starting in existing Tokio runtime
[2026-02-07--18-44-05 INFO actix_server::server] starting service: "actix-web-service-127.0.0.1:18488", workers: 5, listening on: 127.0.0.1:18488
[2026-02-07--18-44-10 INFO parity_ws] Listening for new connections on 127.0.0.1:8900.
[2026-02-07--18-44-33 INFO txtx::svm::deploy_program] [Recovery Instructions] - An ephemeral authority account will be created and funded to write to the buffer account.
[2026-02-07--18-44-33 INFO txtx::svm::deploy_program] [Recovery Instructions] - Please save the following information in case the deployment fails and the account needs to be recovered:
[2026-02-07--18-44-33 INFO txtx::svm::deploy_program] [Recovery Instructions] - Ephemeral authority public key: G5cvVP4DCFawhugEPsdfNmKX3HnDbzYSayQMR6tiVRHN
[2026-02-07--18-44-33 INFO txtx::svm::deploy_program] [Recovery Instructions] - Ephemeral authority secret key: [168, 26, 83, 214, 76, 223, 252, 250, 24, 133, 227, 192, 75, 166, 31, 112, 225, 211, 146, 89, 243, 49, 233, 20, 167, 74, 163, 173, 151, 73, 93, 123, 224, 14, 62, 153, 66, 83, 48, 242, 130, 195, 102, 50, 40, 240, 22, 53, 140, 19, 175, 125, 12, 108, 25, 17, 246, 97, 181, 104, 106, 108, 127, 37]
[2026-02-07--18-44-38 INFO txtx::svm::deploy_program] Account Created - Ephemeral authority account created and funded to write to buffer
[2026-02-07--18-44-38 INFO txtx::svm::deploy_program] [Recovery Instructions] - Creating program buffer account at pubkey 24uQySSC4T9ewPVbJrMPi1fRBLTAAE2WAiHX8UzrY8pf
[2026-02-07--18-44-39 INFO txtx::svm::deploy_program] Account Created - Program buffer account created
[2026-02-07--18-44-45 INFO txtx::svm::deploy_program] Buffer Ready - Writing to buffer account is complete
[2026-02-07--18-44-57 INFO txtx::svm::deploy_program] Program Created - Program 4gSxRtognF6bHPA5H6cDyvWYvC6PZd3HHLSq1bqpdmta has been deployed
[2026-02-07--18-44-58 INFO txtx::svm::deploy_program] Complete - Ephemeral authority account closed and leftover funds returned to payer
[2026-02-07--18-45-18 INFO actix_server::accept] accept thread stopped
[2026-02-07--18-45-18 INFO actix_server::worker] shutting down idle worker
[2026-02-07--18-45-18 INFO actix_server::worker] shutting down idle worker
[2026-02-07--18-45-18 INFO actix_server::worker] shutting down idle worker
[2026-02-07--18-45-18 INFO actix_server::worker] shutting down idle worker
[2026-02-07--18-45-18 INFO actix_server::worker] shutting down idle worker
